<?xml version="1.0" encoding="utf-8"?><testsuites name="pytest tests"><testsuite name="pytest" errors="0" failures="0" skipped="0" tests="15" time="3.894" timestamp="2026-08-02T16:50:41.927733+00:00" hostname="agent-env-34016a31-a50f-426c-a890-84b411d393a4"><testcase classname="tests.backend_test" name="test_root" time="0.174" /><testcase classname="tests.backend_test" name="test_config" time="0.050" /><testcase classname="tests.backend_test" name="test_donation_one_time" time="0.696" /><testcase classname="tests.backend_test" name="test_donation_monthly" time="0.449" /><testcase classname="tests.backend_test" name="test_donation_min_amount" time="0.042" /><testcase classname="tests.backend_test" name="test_payment_status_not_found" time="0.053" /><testcase classname="tests.backend_test" name="test_contact_interests[volunteer]" time="0.363" /><testcase classname="tests.backend_test" name="test_contact_interests[mentor]" time="0.301" /><testcase classname="tests.backend_test" name="test_contact_interests[mentee]" time="0.229" /><testcase classname="tests.backend_test" name="test_contact_interests[partner]" time="0.226" /><testcase classname="tests.backend_test" name="test_contact_interests[general]" time="0.219" /><testcase classname="tests.backend_test" name="test_contact_invalid_email" time="0.045" /><testcase classname="tests.backend_test" name="test_prayer_full" time="0.228" /><testcase classname="tests.backend_test" name="test_prayer_anonymous" time="0.236" /><testcase classname="tests.backend_test" name="test_prayer_missing_request" time="0.043" /></testsuite></testsuites>